<?xml version="1.0" encoding="UTF-8"?>
<robot generator="Robot 7.2.2 (Python 3.11.0 on darwin)" generated="2025-03-22T17:01:12.084361" rpa="false" schemaversion="5">
<suite id="s1" name="Login Tests" source="/Users/70008617/robot-test/tests/login_tests.robot">
<test id="s1-t1" name="User Can Login Successfully" line="7">
<kw name="Open Browser To Login Page" owner="common">
<kw name="Open Browser" owner="SeleniumLibrary">
<msg time="2025-03-22T17:01:12.195281" level="INFO">Opening browser 'Chrome' to base url 'https://example.com/login'.</msg>
<arg>${LOGIN_URL}</arg>
<arg>${BROWSER}</arg>
<doc>Opens a new browser instance to the optional ``url``.</doc>
<status status="PASS" start="2025-03-22T17:01:12.195116" elapsed="4.575145"/>
</kw>
<kw name="Maximize Browser Window" owner="SeleniumLibrary">
<doc>Maximizes current browser window.</doc>
<status status="PASS" start="2025-03-22T17:01:16.770683" elapsed="0.356596"/>
</kw>
<status status="PASS" start="2025-03-22T17:01:12.194610" elapsed="4.932782"/>
</kw>
<kw name="Sleep" owner="BuiltIn">
<msg time="2025-03-22T17:01:19.128729" level="INFO">Slept 2 seconds.</msg>
<arg>2s</arg>
<doc>Pauses the test executed for the given time.</doc>
<status status="PASS" start="2025-03-22T17:01:17.128170" elapsed="2.000940"/>
</kw>
<kw name="Close Browser" owner="SeleniumLibrary">
<doc>Closes the current browser.</doc>
<status status="PASS" start="2025-03-22T17:01:19.129768" elapsed="0.077831"/>
</kw>
<status status="PASS" start="2025-03-22T17:01:12.194218" elapsed="7.013604"/>
</test>
<status status="PASS" start="2025-03-22T17:01:12.085298" elapsed="7.122850"/>
</suite>
<statistics>
<total>
<stat pass="1" fail="0" skip="0">All Tests</stat>
</total>
<tag>
</tag>
<suite>
<stat name="Login Tests" id="s1" pass="1" fail="0" skip="0">Login Tests</stat>
</suite>
</statistics>
<errors>
<msg time="2025-03-22T17:01:12.193876" level="WARN">Imported library '/Users/70008617/robot-test/keywords/custom_keywords.py' contains no keywords.</msg>
</errors>
</robot>
